[debug] [2021-02-22T18:12:14.083Z] ----------------------------------------------------------------------
[debug] [2021-02-22T18:12:14.086Z] Command:       C:\Program Files\nodejs\node.exe C:\Users\Ankur Agarwal\AppData\Roaming\npm\node_modules\firebase-tools\lib\bin\firebase.js deploy
[debug] [2021-02-22T18:12:14.086Z] CLI Version:   9.2.2
[debug] [2021-02-22T18:12:14.086Z] Platform:      win32
[debug] [2021-02-22T18:12:14.086Z] Node Version:  v14.15.5
[debug] [2021-02-22T18:12:14.088Z] Time:          Mon Feb 22 2021 23:42:14 GMT+0530 (India Standard Time)
[debug] [2021-02-22T18:12:14.088Z] ----------------------------------------------------------------------
[debug] [2021-02-22T18:12:14.088Z] 
[debug] [2021-02-22T18:12:14.099Z] > command requires scopes: ["email","openid","https://www.googleapis.com/auth/cloudplatformprojects.readonly","https://www.googleapis.com/auth/firebase","https://www.googleapis.com/auth/cloud-platform"]
[debug] [2021-02-22T18:12:14.100Z] > authorizing via signed-in user
[debug] [2021-02-22T18:12:14.101Z] [iam] checking project note-taking-app-7c340 for permissions ["firebase.projects.get","firebasehosting.sites.update"]
[debug] [2021-02-22T18:12:14.104Z] >>> HTTP REQUEST POST https://cloudresourcemanager.googleapis.com/v1/projects/note-taking-app-7c340:testIamPermissions  
 {"permissions":["firebase.projects.get","firebasehosting.sites.update"]}
[debug] [2021-02-22T18:12:16.107Z] <<< HTTP RESPONSE 200 {"content-type":"application/json; charset=UTF-8","vary":"X-Origin, Referer, Origin,Accept-Encoding","date":"Mon, 22 Feb 2021 18:12:15 GMT","server":"ESF","cache-control":"private","x-xss-protection":"0","x-frame-options":"SAMEORIGIN","x-content-type-options":"nosniff","server-timing":"gfet4t7; dur=1391","alt-svc":"h3-29=\":443\"; ma=2592000,h3-T051=\":443\"; ma=2592000,h3-Q050=\":443\"; ma=2592000,h3-Q046=\":443\"; ma=2592000,h3-Q043=\":443\"; ma=2592000,quic=\":443\"; ma=2592000; v=\"46,43\"","accept-ranges":"none","transfer-encoding":"chunked"}
[debug] [2021-02-22T18:12:16.109Z] > refreshing access token with scopes: []
[debug] [2021-02-22T18:12:16.109Z] >>> HTTP REQUEST POST https://www.googleapis.com/oauth2/v3/token  
 <request body omitted>
[debug] [2021-02-22T18:12:16.474Z] <<< HTTP RESPONSE 200 {"date":"Mon, 22 Feb 2021 18:12:15 GMT","pragma":"no-cache","cache-control":"no-cache, no-store, max-age=0, must-revalidate","expires":"Mon, 01 Jan 1990 00:00:00 GMT","content-type":"application/json; charset=utf-8","vary":"X-Origin, Referer, Origin,Accept-Encoding","server":"scaffolding on HTTPServer2","x-xss-protection":"0","x-frame-options":"SAMEORIGIN","x-content-type-options":"nosniff","alt-svc":"h3-29=\":443\"; ma=2592000,h3-T051=\":443\"; ma=2592000,h3-Q050=\":443\"; ma=2592000,h3-Q046=\":443\"; ma=2592000,h3-Q043=\":443\"; ma=2592000,quic=\":443\"; ma=2592000; v=\"46,43\"","accept-ranges":"none","transfer-encoding":"chunked"}
[debug] [2021-02-22T18:12:16.487Z] >>> [apiv2][query] GET https://firebase.googleapis.com/v1beta1/projects/note-taking-app-7c340 [none]
[debug] [2021-02-22T18:12:17.269Z] <<< [apiv2][status] GET https://firebase.googleapis.com/v1beta1/projects/note-taking-app-7c340 200
[debug] [2021-02-22T18:12:17.269Z] <<< [apiv2][body] GET https://firebase.googleapis.com/v1beta1/projects/note-taking-app-7c340 {"projectId":"note-taking-app-7c340","projectNumber":"133823568392","displayName":"note-taking-app","name":"projects/note-taking-app-7c340","resources":{"hostingSite":"note-taking-app-7c340"},"state":"ACTIVE"}
[info] 
[info] === Deploying to 'note-taking-app-7c340'...
[info] 
[info] i  deploying hosting 
[debug] [2021-02-22T18:12:17.277Z] > refreshing access token with scopes: ["email","https://www.googleapis.com/auth/cloud-platform","https://www.googleapis.com/auth/cloudplatformprojects.readonly","https://www.googleapis.com/auth/firebase","openid"]
[debug] [2021-02-22T18:12:17.278Z] >>> HTTP REQUEST POST https://www.googleapis.com/oauth2/v3/token  
 <request body omitted>
[debug] [2021-02-22T18:12:17.689Z] <<< HTTP RESPONSE 200 {"date":"Mon, 22 Feb 2021 18:12:17 GMT","cache-control":"no-cache, no-store, max-age=0, must-revalidate","expires":"Mon, 01 Jan 1990 00:00:00 GMT","pragma":"no-cache","content-type":"application/json; charset=utf-8","vary":"X-Origin, Referer, Origin,Accept-Encoding","server":"scaffolding on HTTPServer2","x-xss-protection":"0","x-frame-options":"SAMEORIGIN","x-content-type-options":"nosniff","alt-svc":"h3-29=\":443\"; ma=2592000,h3-T051=\":443\"; ma=2592000,h3-Q050=\":443\"; ma=2592000,h3-Q046=\":443\"; ma=2592000,h3-Q043=\":443\"; ma=2592000,quic=\":443\"; ma=2592000; v=\"46,43\"","accept-ranges":"none","transfer-encoding":"chunked"}
[debug] [2021-02-22T18:12:17.699Z] >>> HTTP REQUEST POST https://firebasehosting.googleapis.com/v1beta1/sites/note-taking-app-7c340/versions  
 {"config":{"rewrites":[{"glob":"**","path":"/index.html"}]},"labels":{"deployment-tool":"cli-firebase"}}
[debug] [2021-02-22T18:12:19.946Z] <<< HTTP RESPONSE 200 {"content-type":"application/json; charset=UTF-8","vary":"X-Origin, Referer, Origin,Accept-Encoding","date":"Mon, 22 Feb 2021 18:12:19 GMT","server":"ESF","cache-control":"private","x-xss-protection":"0","x-frame-options":"SAMEORIGIN","x-content-type-options":"nosniff","alt-svc":"h3-29=\":443\"; ma=2592000,h3-T051=\":443\"; ma=2592000,h3-Q050=\":443\"; ma=2592000,h3-Q046=\":443\"; ma=2592000,h3-Q043=\":443\"; ma=2592000,quic=\":443\"; ma=2592000; v=\"46,43\"","accept-ranges":"none","transfer-encoding":"chunked"}
[info] i  hosting[note-taking-app-7c340]: beginning deploy... 
[info] i  hosting[note-taking-app-7c340]: found 20 files in build 
[debug] [2021-02-22T18:12:20.147Z] > refreshing access token with scopes: []
[debug] [2021-02-22T18:12:20.148Z] >>> HTTP REQUEST POST https://www.googleapis.com/oauth2/v3/token  
 <request body omitted>
[debug] [2021-02-22T18:12:20.153Z] [hosting] hash cache [YnVpbGQ] stored for 20 files
[debug] [2021-02-22T18:12:20.154Z] [hosting][hash queue][FINAL] {"max":179,"min":4,"avg":21.3,"active":0,"complete":20,"success":20,"errored":0,"retried":0,"total":20,"elapsed":192}
[debug] [2021-02-22T18:12:20.485Z] <<< HTTP RESPONSE 200 {"pragma":"no-cache","cache-control":"no-cache, no-store, max-age=0, must-revalidate","date":"Mon, 22 Feb 2021 18:12:19 GMT","expires":"Mon, 01 Jan 1990 00:00:00 GMT","content-type":"application/json; charset=utf-8","vary":"X-Origin, Referer, Origin,Accept-Encoding","server":"scaffolding on HTTPServer2","x-xss-protection":"0","x-frame-options":"SAMEORIGIN","x-content-type-options":"nosniff","alt-svc":"h3-29=\":443\"; ma=2592000,h3-T051=\":443\"; ma=2592000,h3-Q050=\":443\"; ma=2592000,h3-Q046=\":443\"; ma=2592000,h3-Q043=\":443\"; ma=2592000,quic=\":443\"; ma=2592000; v=\"46,43\"","accept-ranges":"none","transfer-encoding":"chunked"}
[debug] [2021-02-22T18:12:20.497Z] >>> [apiv2][query] POST https://firebasehosting.googleapis.com/v1beta1/sites/note-taking-app-7c340/versions/c89fa6b1b79cca95:populateFiles [none]
[debug] [2021-02-22T18:12:20.498Z] >>> [apiv2][body] POST https://firebasehosting.googleapis.com/v1beta1/sites/note-taking-app-7c340/versions/c89fa6b1b79cca95:populateFiles {"files":{"/favicon.ico":"eae62e993eb980ec8a25058c39d5a51feab118bd2100c4deebb2a9c158ec11f9","/logo192.png":"3ee59515172ee198f3be375979df15ac5345183e656720a381b8872b2a39dc8b","/logo512.png":"ee7e2f3fdb8209c4b6fd7bef6ba50d1b9dba30a25bb5c3126df057e1cb6f5331","/manifest.json":"aff3449bdc238776f5d6d967f19ec491b36aed5fb7f23ccff6500736fd58494a","/robots.txt":"bfe106a3fb878dc83461c86818bf74fc1bdc7f28538ba613cd3e775516ce8b49","/asset-manifest.json":"eae4b2195756e23b24a0af217f65c56a3e3f6cbaabdfb491a8cb4ccc8ded9a82","/index.html":"a25e25eb411c3dfe9ff038da53aa196bdffb363a01672ba4eb81a5d180a5bcd4","/static/css/main.2b03308f.chunk.css":"595a32d54468aee380d68cf0ad0572c3f4141a88bb0a0ec88164faa5a0290dba","/static/css/main.2b03308f.chunk.css.map":"bf2a78efb035b30bce5442e7834c59decf61115a779e433b371a540e35fbd048","/static/js/2.8d691020.chunk.js.LICENSE.txt":"1049a2a7ded28f0b67f315423370fb7bb0e04740fb52d14dd8af135499e04e50","/static/js/3.a1eb744d.chunk.js":"aaed93a46cd1783f5b3f553e1a74397756be81bd9711005cc348941e7016d2f5","/static/js/3.a1eb744d.chunk.js.map":"f1d7284823088c702817ff3e148f83f80befc707c425cb4d944bb2d4bff73bb9","/static/js/main.769ede49.chunk.js":"a5a82a86ead0897b86ea478e28b760f7e4580253494d6e17e5d780a5b07dd54c","/static/js/runtime-main.34f6125c.js":"a5341072f0257f684310207fcf1a6cdc2a3916ba088f222bcae6bb71e2c25620","/static/js/main.769ede49.chunk.js.map":"7f1b7e5c224d68680ad0f1be1926da8988908932a53365a0bb4e805e2d6a726c","/static/js/runtime-main.34f6125c.js.map":"12d89de5d173d0a8763772519a297e73682d6f52684e8d2509d214878b9902e1","/static/css/2.150d169a.chunk.css":"8178eaba0159129cb6776562578334e1993e85633525ea5d0eae441d3042a92e","/static/js/2.8d691020.chunk.js":"8ea36be67edbafc99d1b344b161e8df583008f6fef594a10f8d22124e62e3c6f","/static/css/2.150d169a.chunk.css.map":"391a43f41473c0cdd8a9158e7af9e70b838832ca4ecb332c89a4fe50211c8d74","/static/js/2.8d691020.chunk.js.map":"51a48aa869f780537e3d8a89224f4e98126b98af875b20a9e010966f6fb5c1d8"}}
[debug] [2021-02-22T18:12:22.516Z] <<< [apiv2][status] POST https://firebasehosting.googleapis.com/v1beta1/sites/note-taking-app-7c340/versions/c89fa6b1b79cca95:populateFiles 200
[debug] [2021-02-22T18:12:22.516Z] <<< [apiv2][body] POST https://firebasehosting.googleapis.com/v1beta1/sites/note-taking-app-7c340/versions/c89fa6b1b79cca95:populateFiles {"uploadRequiredHashes":["7f1b7e5c224d68680ad0f1be1926da8988908932a53365a0bb4e805e2d6a726c","a5a82a86ead0897b86ea478e28b760f7e4580253494d6e17e5d780a5b07dd54c","eae4b2195756e23b24a0af217f65c56a3e3f6cbaabdfb491a8cb4ccc8ded9a82","a25e25eb411c3dfe9ff038da53aa196bdffb363a01672ba4eb81a5d180a5bcd4"],"uploadUrl":"https://upload-firebasehosting.googleapis.com/upload/sites/note-taking-app-7c340/versions/c89fa6b1b79cca95/files"}
[debug] [2021-02-22T18:12:22.517Z] >>> [apiv2][query] POST https://upload-firebasehosting.googleapis.com/upload/sites/note-taking-app-7c340/versions/c89fa6b1b79cca95/files/7f1b7e5c224d68680ad0f1be1926da8988908932a53365a0bb4e805e2d6a726c [none]
[debug] [2021-02-22T18:12:22.517Z] >>> [apiv2][body] POST https://upload-firebasehosting.googleapis.com/upload/sites/note-taking-app-7c340/versions/c89fa6b1b79cca95/files/7f1b7e5c224d68680ad0f1be1926da8988908932a53365a0bb4e805e2d6a726c [stream]
[debug] [2021-02-22T18:12:22.518Z] >>> [apiv2][query] POST https://upload-firebasehosting.googleapis.com/upload/sites/note-taking-app-7c340/versions/c89fa6b1b79cca95/files/a5a82a86ead0897b86ea478e28b760f7e4580253494d6e17e5d780a5b07dd54c [none]
[debug] [2021-02-22T18:12:22.519Z] >>> [apiv2][body] POST https://upload-firebasehosting.googleapis.com/upload/sites/note-taking-app-7c340/versions/c89fa6b1b79cca95/files/a5a82a86ead0897b86ea478e28b760f7e4580253494d6e17e5d780a5b07dd54c [stream]
[debug] [2021-02-22T18:12:22.519Z] >>> [apiv2][query] POST https://upload-firebasehosting.googleapis.com/upload/sites/note-taking-app-7c340/versions/c89fa6b1b79cca95/files/eae4b2195756e23b24a0af217f65c56a3e3f6cbaabdfb491a8cb4ccc8ded9a82 [none]
[debug] [2021-02-22T18:12:22.519Z] >>> [apiv2][body] POST https://upload-firebasehosting.googleapis.com/upload/sites/note-taking-app-7c340/versions/c89fa6b1b79cca95/files/eae4b2195756e23b24a0af217f65c56a3e3f6cbaabdfb491a8cb4ccc8ded9a82 [stream]
[debug] [2021-02-22T18:12:22.520Z] >>> [apiv2][query] POST https://upload-firebasehosting.googleapis.com/upload/sites/note-taking-app-7c340/versions/c89fa6b1b79cca95/files/a25e25eb411c3dfe9ff038da53aa196bdffb363a01672ba4eb81a5d180a5bcd4 [none]
[debug] [2021-02-22T18:12:22.520Z] >>> [apiv2][body] POST https://upload-firebasehosting.googleapis.com/upload/sites/note-taking-app-7c340/versions/c89fa6b1b79cca95/files/a25e25eb411c3dfe9ff038da53aa196bdffb363a01672ba4eb81a5d180a5bcd4 [stream]
[debug] [2021-02-22T18:12:22.521Z] [hosting][populate queue][FINAL] {"max":2370,"min":2370,"avg":2370,"active":0,"complete":1,"success":1,"errored":0,"retried":0,"total":1,"elapsed":2375}
[debug] [2021-02-22T18:12:22.521Z] [hosting] uploads queued: 4
